Determining if the pthread_create exist failed with the following output:
Change Dir: /home/seb/catkin_ws/build/CMakeFiles/CMakeTmp

Run Build Command:"/usr/bin/make" "cmTC_e6fae/fast"
/usr/bin/make -f CMakeFiles/cmTC_e6fae.dir/build.make CMakeFiles/cmTC_e6fae.dir/build
make[1]: Entering directory '/home/seb/catkin_ws/build/CMakeFiles/CMakeTmp'
Building C object CMakeFiles/cmTC_e6fae.dir/CheckSymbolExists.c.o
/usr/bin/cc     -o CMakeFiles/cmTC_e6fae.dir/CheckSymbolExists.c.o   -c /home/seb/catkin_ws/build/CMakeFiles/CMakeTmp/CheckSymbolExists.c
Linking C executable cmTC_e6fae
/usr/bin/cmake -E cmake_link_script CMakeFiles/cmTC_e6fae.dir/link.txt --verbose=1
/usr/bin/cc       CMakeFiles/cmTC_e6fae.dir/CheckSymbolExists.c.o  -o cmTC_e6fae -rdynamic 
CMakeFiles/cmTC_e6fae.dir/CheckSymbolExists.c.o: In function `main':
CheckSymbolExists.c:(.text+0x16): undefined reference to `pthread_create'
collect2: error: ld returned 1 exit status
CMakeFiles/cmTC_e6fae.dir/build.make:97: recipe for target 'cmTC_e6fae' failed
make[1]: *** [cmTC_e6fae] Error 1
make[1]: Leaving directory '/home/seb/catkin_ws/build/CMakeFiles/CMakeTmp'
Makefile:126: recipe for target 'cmTC_e6fae/fast' failed
make: *** [cmTC_e6fae/fast] Error 2

File /home/seb/catkin_ws/build/CMakeFiles/CMakeTmp/CheckSymbolExists.c:
/* */
#include <pthread.h>

int main(int argc, char** argv)
{
  (void)argv;
#ifndef pthread_create
  return ((int*)(&pthread_create))[argc];
#else
  (void)argc;
  return 0;
#endif
}

Determining if the function pthread_create exists in the pthreads failed with the following output:
Change Dir: /home/seb/catkin_ws/build/CMakeFiles/CMakeTmp

Run Build Command:"/usr/bin/make" "cmTC_701ac/fast"
/usr/bin/make -f CMakeFiles/cmTC_701ac.dir/build.make CMakeFiles/cmTC_701ac.dir/build
make[1]: Entering directory '/home/seb/catkin_ws/build/CMakeFiles/CMakeTmp'
Building C object CMakeFiles/cmTC_701ac.dir/CheckFunctionExists.c.o
/usr/bin/cc    -DCHECK_FUNCTION_EXISTS=pthread_create   -o CMakeFiles/cmTC_701ac.dir/CheckFunctionExists.c.o   -c /usr/share/cmake-3.5/Modules/CheckFunctionExists.c
Linking C executable cmTC_701ac
/usr/bin/cmake -E cmake_link_script CMakeFiles/cmTC_701ac.dir/link.txt --verbose=1
/usr/bin/cc   -DCHECK_FUNCTION_EXISTS=pthread_create    CMakeFiles/cmTC_701ac.dir/CheckFunctionExists.c.o  -o cmTC_701ac -rdynamic -lpthreads 
/usr/bin/ld: cannot find -lpthreads
collect2: error: ld returned 1 exit status
CMakeFiles/cmTC_701ac.dir/build.make:97: recipe for target 'cmTC_701ac' failed
make[1]: *** [cmTC_701ac] Error 1
make[1]: Leaving directory '/home/seb/catkin_ws/build/CMakeFiles/CMakeTmp'
Makefile:126: recipe for target 'cmTC_701ac/fast' failed
make: *** [cmTC_701ac/fast] Error 2


